\BOOKMARK [1][-]{section*.1}{Contents}{}% 1
\BOOKMARK [1][-]{section.1}{Module Tiling}{}% 2
\BOOKMARK [2][-]{subsection.1.1}{Class OutputWriter}{section.1}% 3
\BOOKMARK [3][-]{subsubsection.1.1.1}{Methods}{subsection.1.1}% 4
\BOOKMARK [3][-]{subsubsection.1.1.2}{Properties}{subsection.1.1}% 5
\BOOKMARK [2][-]{subsection.1.2}{Class BCTypes}{section.1}% 6
\BOOKMARK [3][-]{subsubsection.1.2.1}{Methods}{subsection.1.2}% 7
\BOOKMARK [3][-]{subsubsection.1.2.2}{Properties}{subsection.1.2}% 8
\BOOKMARK [3][-]{subsubsection.1.2.3}{Class Variables}{subsection.1.2}% 9
\BOOKMARK [2][-]{subsection.1.3}{Class BCDim}{section.1}% 10
\BOOKMARK [3][-]{subsubsection.1.3.1}{Methods}{subsection.1.3}% 11
\BOOKMARK [3][-]{subsubsection.1.3.2}{Properties}{subsection.1.3}% 12
\BOOKMARK [2][-]{subsection.1.4}{Class TETypes}{section.1}% 13
\BOOKMARK [3][-]{subsubsection.1.4.1}{Methods}{subsection.1.4}% 14
\BOOKMARK [3][-]{subsubsection.1.4.2}{Properties}{subsection.1.4}% 15
\BOOKMARK [3][-]{subsubsection.1.4.3}{Class Variables}{subsection.1.4}% 16
\BOOKMARK [2][-]{subsection.1.5}{Class DMCycle}{section.1}% 17
\BOOKMARK [3][-]{subsubsection.1.5.1}{Methods}{subsection.1.5}% 18
\BOOKMARK [3][-]{subsubsection.1.5.2}{Properties}{subsection.1.5}% 19
\BOOKMARK [2][-]{subsection.1.6}{Class TilingError}{section.1}% 20
\BOOKMARK [3][-]{subsubsection.1.6.1}{Methods}{subsection.1.6}% 21
\BOOKMARK [3][-]{subsubsection.1.6.2}{Properties}{subsection.1.6}% 22
\BOOKMARK [2][-]{subsection.1.7}{Class Point}{section.1}% 23
\BOOKMARK [3][-]{subsubsection.1.7.1}{Methods}{subsection.1.7}% 24
\BOOKMARK [3][-]{subsubsection.1.7.2}{Properties}{subsection.1.7}% 25
\BOOKMARK [2][-]{subsection.1.8}{Class Plane}{section.1}% 26
\BOOKMARK [3][-]{subsubsection.1.8.1}{Methods}{subsection.1.8}% 27
\BOOKMARK [3][-]{subsubsection.1.8.2}{Properties}{subsection.1.8}% 28
\BOOKMARK [2][-]{subsection.1.9}{Class Tile}{section.1}% 29
\BOOKMARK [3][-]{subsubsection.1.9.1}{Methods}{subsection.1.9}% 30
\BOOKMARK [3][-]{subsubsection.1.9.2}{Properties}{subsection.1.9}% 31
\BOOKMARK [2][-]{subsection.1.10}{Class Domain}{section.1}% 32
\BOOKMARK [3][-]{subsubsection.1.10.1}{Methods}{subsection.1.10}% 33
\BOOKMARK [3][-]{subsubsection.1.10.2}{Properties}{subsection.1.10}% 34
\BOOKMARK [1][-]{section*.2}{Index}{}% 35
